<?xml version="1.0" encoding="UTF-8"?>
<testsuite xmlns:xsi="http://www.w3.org/2001/XMLSchema-instance" xsi:noNamespaceSchemaLocation="https://maven.apache.org/surefire/maven-surefire-plugin/xsd/surefire-test-report-3.0.xsd" version="3.0" name="br.com.project3.ProdutoTest" time="2.405" tests="4" errors="0" skipped="0" failures="0">
  <properties>
[...]
</properties>
  <testcase name="deveExcluirProduto" classname="br.com.project3.ProdutoTest" time="0.552"/>
  <testcase name="deveCadastrarEConsultarProduto" classname="br.com.project3.ProdutoTest" time="0.608"/>
  <testcase name="deveAtualizarProduto" classname="br.com.project3.ProdutoTest" time="0.661"/>
  <testcase name="deveBuscarTodosProdutos" classname="br.com.project3.ProdutoTest" time="0.569"/>
</testsuite>